Using pre-set license
Built from '2022.3/staging' branch; Version is '2022.3.8f1 (b5eafc012955) revision 11922172'; Using compiler version '192829333'; Build Type 'Release'
OS: 'Windows 11  (10.0.22631) 64bit Core' Language: 'de' Physical Memory: 15807 MB
BatchMode: 1, IsHumanControllingUs: 0, StartBugReporterOnCrash: 0, Is64bit: 1, IsPro: 1

COMMAND LINE ARGUMENTS:
C:\Program Files\Unity\Hub\Editor\2022.3.8f1\Editor\Unity.exe
-adb2
-batchMode
-noUpm
-name
AssetImportWorker2
-projectPath
C:/projects/GamJam24/Team7
-logFile
Logs/AssetImportWorker2.log
-srvPort
54393
Successfully changed project path to: C:/projects/GamJam24/Team7
C:/projects/GamJam24/Team7
[UnityMemory] Configuration Parameters - Can be set up in boot.config
    "memorysetup-bucket-allocator-granularity=16"
    "memorysetup-bucket-allocator-bucket-count=8"
    "memorysetup-bucket-allocator-block-size=33554432"
    "memorysetup-bucket-allocator-block-count=8"
    "memorysetup-main-allocator-block-size=16777216"
    "memorysetup-thread-allocator-block-size=16777216"
    "memorysetup-gfx-main-allocator-block-size=16777216"
    "memorysetup-gfx-thread-allocator-block-size=16777216"
    "memorysetup-cache-allocator-block-size=4194304"
    "memorysetup-typetree-allocator-block-size=2097152"
    "memorysetup-profiler-bucket-allocator-granularity=16"
    "memorysetup-profiler-bucket-allocator-bucket-count=8"
    "memorysetup-profiler-bucket-allocator-block-size=33554432"
    "memorysetup-profiler-bucket-allocator-block-count=8"
    "memorysetup-profiler-allocator-block-size=16777216"
    "memorysetup-profiler-editor-allocator-block-size=1048576"
    "memorysetup-temp-allocator-size-main=16777216"
    "memorysetup-job-temp-allocator-block-size=2097152"
    "memorysetup-job-temp-allocator-block-size-background=1048576"
    "memorysetup-job-temp-allocator-reduction-small-platforms=262144"
    "memorysetup-allocator-temp-initial-block-size-main=262144"
    "memorysetup-allocator-temp-initial-block-size-worker=262144"
    "memorysetup-temp-allocator-size-background-worker=32768"
    "memorysetup-temp-allocator-size-job-worker=262144"
    "memorysetup-temp-allocator-size-preload-manager=33554432"
    "memorysetup-temp-allocator-size-nav-mesh-worker=65536"
    "memorysetup-temp-allocator-size-audio-worker=65536"
    "memorysetup-temp-allocator-size-cloud-worker=32768"
    "memorysetup-temp-allocator-size-gi-baking-worker=262144"
    "memorysetup-temp-allocator-size-gfx=262144"
Player connection [6804] Host "[IP] 10.91.71.149 [Port] 0 [Flags] 2 [Guid] 2232461059 [EditorId] 2232461059 [Version] 1048832 [Id] WindowsEditor(7,Alexis) [Debug] 1 [PackageName] WindowsEditor [ProjectName] Editor" joined multi-casting on [225.0.0.222:54997]...

Player connection [6804] Host "[IP] 10.91.71.149 [Port] 0 [Flags] 2 [Guid] 2232461059 [EditorId] 2232461059 [Version] 1048832 [Id] WindowsEditor(7,Alexis) [Debug] 1 [PackageName] WindowsEditor [ProjectName] Editor" joined alternative multi-casting on [225.0.0.222:34997]...

[Physics::Module] Initialized MultithreadedJobDispatcher with 7 workers.
Refreshing native plugins compatible for Editor in 28.11 ms, found 4 plugins.
Preloading 0 native plugins for Editor in 0.00 ms.
Initialize engine version: 2022.3.8f1 (b5eafc012955)
[Subsystems] Discovering subsystems at path C:/Program Files/Unity/Hub/Editor/2022.3.8f1/Editor/Data/Resources/UnitySubsystems
[Subsystems] Discovering subsystems at path C:/projects/GamJam24/Team7/Assets
GfxDevice: creating device client; threaded=0; jobified=0
Direct3D:
    Version:  Direct3D 11.0 [level 11.1]
    Renderer: NVIDIA GeForce RTX 2060 (ID=0x1f11)
    Vendor:   NVIDIA
    VRAM:     5968 MB
    Driver:   31.0.15.2756
Initialize mono
Mono path[0] = 'C:/Program Files/Unity/Hub/Editor/2022.3.8f1/Editor/Data/Managed'
Mono path[1] = 'C:/Program Files/Unity/Hub/Editor/2022.3.8f1/Editor/Data/MonoBleedingEdge/lib/mono/unityjit-win32'
Mono config path = 'C:/Program Files/Unity/Hub/Editor/2022.3.8f1/Editor/Data/MonoBleedingEdge/etc'
Using monoOptions --debugger-agent=transport=dt_socket,embedding=1,server=y,suspend=n,address=127.0.0.1:56028
Begin MonoManager ReloadAssembly
Registering precompiled unity dll's ...
Register platform support module: C:/Program Files/Unity/Hub/Editor/2022.3.8f1/Editor/Data/PlaybackEngines/WindowsStandaloneSupport/UnityEditor.WindowsStandalone.Extensions.dll
Registered in 0.043996 seconds.
- Loaded All Assemblies, in  1.151 seconds
Native extension for WindowsStandalone target not found
Mono: successfully reloaded assembly
- Finished resetting the current domain, in  0.701 seconds
Domain Reload Profiling: 1845ms
	BeginReloadAssembly (370ms)
		ExecutionOrderSort (0ms)
		DisableScriptedObjects (0ms)
		BackupInstance (0ms)
		ReleaseScriptingObjects (0ms)
		CreateAndSetChildDomain (2ms)
	RebuildCommonClasses (129ms)
	RebuildNativeTypeToScriptingClass (60ms)
	initialDomainReloadingComplete (239ms)
	LoadAllAssembliesAndSetupDomain (346ms)
		LoadAssemblies (348ms)
		RebuildTransferFunctionScriptingTraits (0ms)
		AnalyzeDomain (342ms)
			TypeCache.Refresh (339ms)
				TypeCache.ScanAssembly (309ms)
			ScanForSourceGeneratedMonoScriptInfo (1ms)
			ResolveRequiredComponents (1ms)
	FinalizeReload (702ms)
		ReleaseScriptCaches (0ms)
		RebuildScriptCaches (0ms)
		SetupLoadedEditorAssemblies (524ms)
			LogAssemblyErrors (0ms)
			InitializePlatformSupportModulesInManaged (23ms)
			SetLoadedEditorAssemblies (17ms)
			RefreshPlugins (0ms)
			BeforeProcessingInitializeOnLoad (6ms)
			ProcessInitializeOnLoadAttributes (335ms)
			ProcessInitializeOnLoadMethodAttributes (143ms)
			AfterProcessingInitializeOnLoad (0ms)
			EditorAssembliesLoaded (0ms)
		ExecutionOrderSort2 (0ms)
		AwakeInstancesAfterBackupRestoration (0ms)
========================================================================
Worker process is ready to serve import requests
Begin MonoManager ReloadAssembly
- Loaded All Assemblies, in  1.959 seconds
Refreshing native plugins compatible for Editor in 12.72 ms, found 4 plugins.
Native extension for WindowsStandalone target not found
Package Manager log level set to [2]
[Package Manager] Server::EnsureServerProcessIsRunning -- launch failed, reason: Unity was launched with the -noUpm command-line argument
[Package Manager] UpmClient::Send -- Unable to send message (not connected to UPM process).
[Package Manager] Cannot connect to Unity Package Manager local server
Mono: successfully reloaded assembly
- Finished resetting the current domain, in  2.172 seconds
Domain Reload Profiling: 4119ms
	BeginReloadAssembly (330ms)
		ExecutionOrderSort (0ms)
		DisableScriptedObjects (10ms)
		BackupInstance (0ms)
		ReleaseScriptingObjects (0ms)
		CreateAndSetChildDomain (39ms)
	RebuildCommonClasses (66ms)
	RebuildNativeTypeToScriptingClass (23ms)
	initialDomainReloadingComplete (100ms)
	LoadAllAssembliesAndSetupDomain (1428ms)
		LoadAssemblies (969ms)
		RebuildTransferFunctionScriptingTraits (0ms)
		AnalyzeDomain (660ms)
			TypeCache.Refresh (523ms)
				TypeCache.ScanAssembly (482ms)
			ScanForSourceGeneratedMonoScriptInfo (100ms)
			ResolveRequiredComponents (35ms)
	FinalizeReload (2173ms)
		ReleaseScriptCaches (0ms)
		RebuildScriptCaches (0ms)
		SetupLoadedEditorAssemblies (1655ms)
			LogAssemblyErrors (0ms)
			InitializePlatformSupportModulesInManaged (19ms)
			SetLoadedEditorAssemblies (15ms)
			RefreshPlugins (0ms)
			BeforeProcessingInitializeOnLoad (381ms)
			ProcessInitializeOnLoadAttributes (1031ms)
			ProcessInitializeOnLoadMethodAttributes (186ms)
			AfterProcessingInitializeOnLoad (21ms)
			EditorAssembliesLoaded (0ms)
		ExecutionOrderSort2 (0ms)
		AwakeInstancesAfterBackupRestoration (14ms)
Launched and connected shader compiler UnityShaderCompiler.exe after 0.12 seconds
Refreshing native plugins compatible for Editor in 12.96 ms, found 4 plugins.
Preloading 0 native plugins for Editor in 0.00 ms.
Unloading 5906 Unused Serialized files (Serialized files now loaded: 0)
Unloading 97 unused Assets / (421.4 KB). Loaded Objects now: 6366.
Memory consumption went from 221.9 MB to 221.5 MB.
Total: 12.645100 ms (FindLiveObjects: 1.652000 ms CreateObjectMapping: 2.154400 ms MarkObjects: 8.381600 ms  DeleteObjects: 0.455200 ms)

AssetImportParameters requested are different than current active one (requested -> active):
  custom:container-demuxer-ogg: 62fdf1f143b41e24485cea50d1cbac27 -> 
  custom:video-codec-MediaFoundation-h265: 746d11721c4dcdbdad8f713fa42b33f4 -> 
  custom:video-decoder-ogg-theora: a1e56fd34408186e4bbccfd4996cb3dc -> 
  custom:framework-win-MediaFoundation: 216162199b28c13a410421893ffa2e32 -> 
  custom:CustomObjectIndexerAttribute: a3ef5dd2817f97addfee359851a9dba5 -> 
  custom:container-demuxer-webm: 4f35f7cbe854078d1ac9338744f61a02 -> 
  custom:container-muxer-webm: aa71ff27fc2769a1b78a27578f13a17b -> 
  custom:video-decoder-webm-vp8: 9c59270c3fd7afecdb556c50c9e8de78 -> 
  custom:SearchIndexIgnoredProperties: e643bd26f0fe6173181afceb89e7c659 -> 
  custom:AudioImporter_EditorPlatform: d09bf68614088b80899f8185d706f6e7 -> 
  custom:video-encoder-webm-vp8: eb34c28f22e8b96e1ab97ce403110664 -> 
  custom:audio-decoder-ogg-vorbis: bf7c407c2cedff20999df2af8eb42d56 -> 
  custom:audio-encoder-webm-vorbis: bf7c407c2cedff20999df2af8eb42d56 -> 
========================================================================
Received Import Request.
  Time since last request: 13834.234402 seconds.
  path: Assets/TextMesh Pro/Examples & Extras/Materials/Ground - Logo Scene.mat
  artifactKey: Guid(c719e38f25a9480abd2480ab621a2949) Importer(815301076,1909f56bfc062723c751e8b465ee728b)
Start importing Assets/TextMesh Pro/Examples & Extras/Materials/Ground - Logo Scene.mat using Guid(c719e38f25a9480abd2480ab621a2949) Importer(815301076,1909f56bfc062723c751e8b465ee728b)  -> (artifact id: '400de9e174231d6f34352305d003b5ea') in 0.813304 seconds
Number of updated asset objects reloaded before import = 0
Number of asset objects unloaded after import = 4
========================================================================
Received Import Request.
  Time since last request: 2.136547 seconds.
  path: Packages/com.unity.searcher/Editor/Resources/FlatSkin/Font/Roboto-Thin.ttf
  artifactKey: Guid(19a9abb883540be48b75b951a927ae03) Importer(815301076,1909f56bfc062723c751e8b465ee728b)
Start importing Packages/com.unity.searcher/Editor/Resources/FlatSkin/Font/Roboto-Thin.ttf using Guid(19a9abb883540be48b75b951a927ae03) Importer(815301076,1909f56bfc062723c751e8b465ee728b)  -> (artifact id: '0fb281f1a701626478dc74c790ee1fae') in 0.048174 seconds
Number of updated asset objects reloaded before import = 0
Number of asset objects unloaded after import = 5
========================================================================
Received Import Request.
  Time since last request: 0.095563 seconds.
  path: Packages/com.unity.searcher/Editor/Resources/FlatSkin/Font/Roboto-MediumItalic.ttf
  artifactKey: Guid(d93c1bc57fdf1ac4dad1bf04fac05464) Importer(815301076,1909f56bfc062723c751e8b465ee728b)
Start importing Packages/com.unity.searcher/Editor/Resources/FlatSkin/Font/Roboto-MediumItalic.ttf using Guid(d93c1bc57fdf1ac4dad1bf04fac05464) Importer(815301076,1909f56bfc062723c751e8b465ee728b)  -> (artifact id: 'b36cf891b785d5aa4fc388199bdb5ea0') in 0.026878 seconds
Number of updated asset objects reloaded before import = 0
Number of asset objects unloaded after import = 5
========================================================================
Received Import Request.
  Time since last request: 0.065026 seconds.
  path: Packages/com.unity.searcher/Editor/Resources/FlatSkin/Font/Roboto-Light.ttf
  artifactKey: Guid(2a29e27936eb547458f646f71125b264) Importer(815301076,1909f56bfc062723c751e8b465ee728b)
Start importing Packages/com.unity.searcher/Editor/Resources/FlatSkin/Font/Roboto-Light.ttf using Guid(2a29e27936eb547458f646f71125b264) Importer(815301076,1909f56bfc062723c751e8b465ee728b)  -> (artifact id: 'bcf5a5770d2b6d048aa74ab86ffb2140') in 0.027097 seconds
Number of updated asset objects reloaded before import = 0
Number of asset objects unloaded after import = 5
========================================================================
Received Import Request.
  Time since last request: 0.013010 seconds.
  path: Packages/com.unity.searcher/Editor/Resources/FlatSkin/Font/Roboto-BlackItalic.ttf
  artifactKey: Guid(f95147a9bab9fe649b8070170fa7ebd2) Importer(815301076,1909f56bfc062723c751e8b465ee728b)
Start importing Packages/com.unity.searcher/Editor/Resources/FlatSkin/Font/Roboto-BlackItalic.ttf using Guid(f95147a9bab9fe649b8070170fa7ebd2) Importer(815301076,1909f56bfc062723c751e8b465ee728b)  -> (artifact id: '946c6037181d602a545ad9f291574cd2') in 0.030668 seconds
Number of updated asset objects reloaded before import = 0
Number of asset objects unloaded after import = 5
========================================================================
Received Import Request.
  Time since last request: 0.518002 seconds.
  path: Assets/TextMesh Pro/Examples & Extras/Resources/Fonts & Materials/Electronic Highway Sign SDF.asset
  artifactKey: Guid(dc36b3fdc14f47ebb36fd484a67e268a) Importer(815301076,1909f56bfc062723c751e8b465ee728b)
Start importing Assets/TextMesh Pro/Examples & Extras/Resources/Fonts & Materials/Electronic Highway Sign SDF.asset using Guid(dc36b3fdc14f47ebb36fd484a67e268a) Importer(815301076,1909f56bfc062723c751e8b465ee728b)  -> (artifact id: 'f040404a3170f7a7f3018487854853e7') in 0.059561 seconds
Number of updated asset objects reloaded before import = 0
Number of asset objects unloaded after import = 7
========================================================================
Received Import Request.
  Time since last request: 0.029385 seconds.
  path: Assets/TextMesh Pro/Examples & Extras/Materials/Crate - Surface Shader Scene.mat
  artifactKey: Guid(e6b9b44320f4448d9d5e0ee634259966) Importer(815301076,1909f56bfc062723c751e8b465ee728b)
Start importing Assets/TextMesh Pro/Examples & Extras/Materials/Crate - Surface Shader Scene.mat using Guid(e6b9b44320f4448d9d5e0ee634259966) Importer(815301076,1909f56bfc062723c751e8b465ee728b)  -> (artifact id: '5a185cfcf6b9a8b42bc41b25d149ca49') in 0.038165 seconds
Number of updated asset objects reloaded before import = 0
Number of asset objects unloaded after import = 4
========================================================================
Received Import Request.
  Time since last request: 2.322767 seconds.
  path: Assets/TextMesh Pro/Examples & Extras/Resources/Fonts & Materials/Bangers SDF Glow.mat
  artifactKey: Guid(d75b8f41e959450c84ac6e967084d3e1) Importer(815301076,1909f56bfc062723c751e8b465ee728b)
Start importing Assets/TextMesh Pro/Examples & Extras/Resources/Fonts & Materials/Bangers SDF Glow.mat using Guid(d75b8f41e959450c84ac6e967084d3e1) Importer(815301076,1909f56bfc062723c751e8b465ee728b)  -> (artifact id: '0823761f8ad378f43f0ea1a878d06bf4') in 0.143295 seconds
Number of updated asset objects reloaded before import = 0
Number of asset objects unloaded after import = 4
========================================================================
Received Import Request.
  Time since last request: 0.188247 seconds.
  path: Packages/com.unity.render-pipelines.universal/Shaders/AutodeskInteractive/AutodeskInteractiveTransparent.shadergraph
  artifactKey: Guid(5c81372d981403744adbdda4433c9c11) Importer(815301076,1909f56bfc062723c751e8b465ee728b)
Start importing Packages/com.unity.render-pipelines.universal/Shaders/AutodeskInteractive/AutodeskInteractiveTransparent.shadergraph using Guid(5c81372d981403744adbdda4433c9c11) Importer(815301076,1909f56bfc062723c751e8b465ee728b)  -> (artifact id: '5d597f6d6b6bf3695cf97d1faafdde47') in 0.815520 seconds
Number of updated asset objects reloaded before import = 0
Number of asset objects unloaded after import = 2
========================================================================
Received Import Request.
  Time since last request: 3.823235 seconds.
  path: Assets/TextMesh Pro/Examples & Extras/Resources/Fonts & Materials/Anton SDF - Sunny Days.mat
  artifactKey: Guid(6522f30e342599e4e9dd4cc2cc03c830) Importer(815301076,1909f56bfc062723c751e8b465ee728b)
Start importing Assets/TextMesh Pro/Examples & Extras/Resources/Fonts & Materials/Anton SDF - Sunny Days.mat using Guid(6522f30e342599e4e9dd4cc2cc03c830) Importer(815301076,1909f56bfc062723c751e8b465ee728b)  -> (artifact id: '235f4509c5d644b377ed0383888572ed') in 0.240090 seconds
Number of updated asset objects reloaded before import = 0
Number of asset objects unloaded after import = 5
========================================================================
Received Import Request.
  Time since last request: 0.128646 seconds.
  path: Assets/TextMesh Pro/Examples & Extras/Resources/Fonts & Materials/Anton SDF - Drop Shadow.mat
  artifactKey: Guid(749b9069dc4742c5bfa5c74644049926) Importer(815301076,1909f56bfc062723c751e8b465ee728b)
Start importing Assets/TextMesh Pro/Examples & Extras/Resources/Fonts & Materials/Anton SDF - Drop Shadow.mat using Guid(749b9069dc4742c5bfa5c74644049926) Importer(815301076,1909f56bfc062723c751e8b465ee728b)  -> (artifact id: '60154608ad91cfe530d5d1db53c7f68a') in 0.097027 seconds
Number of updated asset objects reloaded before import = 0
Number of asset objects unloaded after import = 3
========================================================================
Received Import Request.
  Time since last request: 430.816289 seconds.
  path: Assets/Art/UI/Blank.png
  artifactKey: Guid(81514d26dd7e754429d8e17e41f77fa0) Importer(815301076,1909f56bfc062723c751e8b465ee728b)
Start importing Assets/Art/UI/Blank.png using Guid(81514d26dd7e754429d8e17e41f77fa0) Importer(815301076,1909f56bfc062723c751e8b465ee728b)  -> (artifact id: '24d657bd511247a74cd22eb6cf97fb17') in 0.052962 seconds
Number of updated asset objects reloaded before import = 0
Number of asset objects unloaded after import = 3
========================================================================
Received Import Request.
  Time since last request: 1426.185859 seconds.
  path: Assets/Art/Explosion
  artifactKey: Guid(8b029caa42357fb44ac47c9fdf9cc6d0) Importer(815301076,1909f56bfc062723c751e8b465ee728b)
Start importing Assets/Art/Explosion using Guid(8b029caa42357fb44ac47c9fdf9cc6d0) Importer(815301076,1909f56bfc062723c751e8b465ee728b)  -> (artifact id: '664239310b825a83046c9a692f13dcd1') in 0.001664 seconds
Number of updated asset objects reloaded before import = 0
Number of asset objects unloaded after import = 0
========================================================================
Received Import Request.
  Time since last request: 19.551183 seconds.
  path: Assets/Art/Explosion/SmallExplosionSheet.png
  artifactKey: Guid(13d8413203bfb864498604391963bbb3) Importer(815301076,1909f56bfc062723c751e8b465ee728b)
Start importing Assets/Art/Explosion/SmallExplosionSheet.png using Guid(13d8413203bfb864498604391963bbb3) Importer(815301076,1909f56bfc062723c751e8b465ee728b)  -> (artifact id: 'ccd161257256f90060e5b55efb6a4054') in 0.063172 seconds
Number of updated asset objects reloaded before import = 0
Number of asset objects unloaded after import = 3
========================================================================
Received Import Request.
  Time since last request: 10.570554 seconds.
  path: Assets/Art/Explosion/SmallExplosionSheet.png
  artifactKey: Guid(13d8413203bfb864498604391963bbb3) Importer(815301076,1909f56bfc062723c751e8b465ee728b)
Start importing Assets/Art/Explosion/SmallExplosionSheet.png using Guid(13d8413203bfb864498604391963bbb3) Importer(815301076,1909f56bfc062723c751e8b465ee728b)  -> (artifact id: '946ac33eb6059aba9295cf582851e5b7') in 0.033735 seconds
Number of updated asset objects reloaded before import = 0
Number of asset objects unloaded after import = 2
========================================================================
Received Import Request.
  Time since last request: 93.107641 seconds.
  path: Assets/Art/Explosion/SmallExplosionSheet.png
  artifactKey: Guid(13d8413203bfb864498604391963bbb3) Importer(815301076,1909f56bfc062723c751e8b465ee728b)
Start importing Assets/Art/Explosion/SmallExplosionSheet.png using Guid(13d8413203bfb864498604391963bbb3) Importer(815301076,1909f56bfc062723c751e8b465ee728b)  -> (artifact id: '66e24b845ab2325cba0a2cf243952918') in 0.070335 seconds
Number of updated asset objects reloaded before import = 0
Number of asset objects unloaded after import = 8
========================================================================
Received Import Request.
  Time since last request: 27.822848 seconds.
  path: Assets/Art/Explosion/SmallExplosionSheet.png
  artifactKey: Guid(13d8413203bfb864498604391963bbb3) Importer(815301076,1909f56bfc062723c751e8b465ee728b)
Start importing Assets/Art/Explosion/SmallExplosionSheet.png using Guid(13d8413203bfb864498604391963bbb3) Importer(815301076,1909f56bfc062723c751e8b465ee728b)  -> (artifact id: 'c7d779744d15f5f56db393a467b7d987') in 0.057751 seconds
Number of updated asset objects reloaded before import = 0
Number of asset objects unloaded after import = 8
========================================================================
Received Import Request.
  Time since last request: 84.733663 seconds.
  path: Assets/Art/Explosion/SmallExplosionSheet.png
  artifactKey: Guid(13d8413203bfb864498604391963bbb3) Importer(815301076,1909f56bfc062723c751e8b465ee728b)
Start importing Assets/Art/Explosion/SmallExplosionSheet.png using Guid(13d8413203bfb864498604391963bbb3) Importer(815301076,1909f56bfc062723c751e8b465ee728b)  -> (artifact id: 'b36e8a9a2af48ad9605113ff0cdc90a8') in 0.058952 seconds
Number of updated asset objects reloaded before import = 0
Number of asset objects unloaded after import = 8
========================================================================
Received Import Request.
  Time since last request: 9.237670 seconds.
  path: Assets/Art/Explosion/SmallExplosionSheet.png
  artifactKey: Guid(13d8413203bfb864498604391963bbb3) Importer(815301076,1909f56bfc062723c751e8b465ee728b)
Start importing Assets/Art/Explosion/SmallExplosionSheet.png using Guid(13d8413203bfb864498604391963bbb3) Importer(815301076,1909f56bfc062723c751e8b465ee728b)  -> (artifact id: '642d442101b37c01e612e4918c3f59fc') in 0.058673 seconds
Number of updated asset objects reloaded before import = 0
Number of asset objects unloaded after import = 8
========================================================================
Received Import Request.
  Time since last request: 2.983957 seconds.
  path: Assets/Art/Explosion/SmallExplosionSheet.png
  artifactKey: Guid(13d8413203bfb864498604391963bbb3) Importer(815301076,1909f56bfc062723c751e8b465ee728b)
Start importing Assets/Art/Explosion/SmallExplosionSheet.png using Guid(13d8413203bfb864498604391963bbb3) Importer(815301076,1909f56bfc062723c751e8b465ee728b)  -> (artifact id: 'f4164a09f47bd9b3a579a23feb5d1ae2') in 0.063298 seconds
Number of updated asset objects reloaded before import = 0
Number of asset objects unloaded after import = 8
========================================================================
Received Import Request.
  Time since last request: 2.676649 seconds.
  path: Assets/Art/Explosion/SmallExplosionSheet.png
  artifactKey: Guid(13d8413203bfb864498604391963bbb3) Importer(815301076,1909f56bfc062723c751e8b465ee728b)
Start importing Assets/Art/Explosion/SmallExplosionSheet.png using Guid(13d8413203bfb864498604391963bbb3) Importer(815301076,1909f56bfc062723c751e8b465ee728b)  -> (artifact id: '0f4cb0d2d5deccac333b7213fa9abfd0') in 0.054137 seconds
Number of updated asset objects reloaded before import = 0
Number of asset objects unloaded after import = 8
========================================================================
Received Import Request.
  Time since last request: 11.280674 seconds.
  path: Assets/Art/Explosion/SmallExplosionSheet.png
  artifactKey: Guid(13d8413203bfb864498604391963bbb3) Importer(815301076,1909f56bfc062723c751e8b465ee728b)
Start importing Assets/Art/Explosion/SmallExplosionSheet.png using Guid(13d8413203bfb864498604391963bbb3) Importer(815301076,1909f56bfc062723c751e8b465ee728b)  -> (artifact id: '0967ea5b131f5a99b85516606179f615') in 0.105038 seconds
Number of updated asset objects reloaded before import = 0
Number of asset objects unloaded after import = 8
========================================================================
Received Import Request.
  Time since last request: 373.661815 seconds.
  path: Assets
  artifactKey: Guid(00000000000000001000000000000000) Importer(815301076,1909f56bfc062723c751e8b465ee728b)
Start importing Assets using Guid(00000000000000001000000000000000) Importer(815301076,1909f56bfc062723c751e8b465ee728b)  -> (artifact id: '8a4fe85251aa2e89732c359432baa2c3') in 0.000934 seconds
Number of updated asset objects reloaded before import = 0
Number of asset objects unloaded after import = 0
========================================================================
Received Import Request.
  Time since last request: 5.036890 seconds.
  path: Assets/VFX
  artifactKey: Guid(322726e7dc23413418f09eb40dc75496) Importer(815301076,1909f56bfc062723c751e8b465ee728b)
Start importing Assets/VFX using Guid(322726e7dc23413418f09eb40dc75496) Importer(815301076,1909f56bfc062723c751e8b465ee728b)  -> (artifact id: '981f14d92ce3d552d327c05f49c33cfb') in 0.000803 seconds
Number of updated asset objects reloaded before import = 0
Number of asset objects unloaded after import = 0
========================================================================
Received Import Request.
  Time since last request: 3.369185 seconds.
  path: Assets/VFX/Explosion.prefab
  artifactKey: Guid(98b2b49a64174b244b1369ba5b3bd21d) Importer(815301076,1909f56bfc062723c751e8b465ee728b)
Start importing Assets/VFX/Explosion.prefab using Guid(98b2b49a64174b244b1369ba5b3bd21d) Importer(815301076,1909f56bfc062723c751e8b465ee728b)  -> (artifact id: 'dbf42509be08c44b5b024d58cac56f2d') in 0.048992 seconds
Number of updated asset objects reloaded before import = 0
Number of asset objects unloaded after import = 14
========================================================================
Received Import Request.
  Time since last request: 569.984148 seconds.
  path: Assets/Art/Effects
  artifactKey: Guid(8b029caa42357fb44ac47c9fdf9cc6d0) Importer(815301076,1909f56bfc062723c751e8b465ee728b)
Start importing Assets/Art/Effects using Guid(8b029caa42357fb44ac47c9fdf9cc6d0) Importer(815301076,1909f56bfc062723c751e8b465ee728b)  -> (artifact id: 'f83542527a8a7ba743934a4363478497') in 0.001193 seconds
Number of updated asset objects reloaded before import = 0
Number of asset objects unloaded after import = 0
========================================================================
Received Import Request.
  Time since last request: 31.020008 seconds.
  path: Assets/Art/Effects/LightningMat.png
  artifactKey: Guid(cc118be0937b3d44686cdbceb3df69e2) Importer(815301076,1909f56bfc062723c751e8b465ee728b)
Start importing Assets/Art/Effects/LightningMat.png using Guid(cc118be0937b3d44686cdbceb3df69e2) Importer(815301076,1909f56bfc062723c751e8b465ee728b)  -> (artifact id: '0daa089d764e5d714cede5d14b2eaf10') in 0.030400 seconds
Number of updated asset objects reloaded before import = 0
Number of asset objects unloaded after import = 3
========================================================================
Received Import Request.
  Time since last request: 13.358000 seconds.
  path: Assets/Art/Effects/LightningMat.mat
  artifactKey: Guid(79cfaf9e046240144acbf4438484e43a) Importer(815301076,1909f56bfc062723c751e8b465ee728b)
Start importing Assets/Art/Effects/LightningMat.mat using Guid(79cfaf9e046240144acbf4438484e43a) Importer(815301076,1909f56bfc062723c751e8b465ee728b)  -> (artifact id: '09d82b7d3add9591b89d0802e57b694e') in 0.026832 seconds
Number of updated asset objects reloaded before import = 0
Number of asset objects unloaded after import = 2
========================================================================
Received Import Request.
  Time since last request: 125.919214 seconds.
  path: Assets/Art/Effects/LightningMat.png
  artifactKey: Guid(cc118be0937b3d44686cdbceb3df69e2) Importer(815301076,1909f56bfc062723c751e8b465ee728b)
Start importing Assets/Art/Effects/LightningMat.png using Guid(cc118be0937b3d44686cdbceb3df69e2) Importer(815301076,1909f56bfc062723c751e8b465ee728b)  -> (artifact id: '5d09143da526d053f8414cc7fd1d9717') in 0.025696 seconds
Number of updated asset objects reloaded before import = 0
Number of asset objects unloaded after import = 3
========================================================================
Received Import Request.
  Time since last request: 13.616791 seconds.
  path: Assets/Art/Effects/LightningMat.png
  artifactKey: Guid(cc118be0937b3d44686cdbceb3df69e2) Importer(815301076,1909f56bfc062723c751e8b465ee728b)
Start importing Assets/Art/Effects/LightningMat.png using Guid(cc118be0937b3d44686cdbceb3df69e2) Importer(815301076,1909f56bfc062723c751e8b465ee728b)  -> (artifact id: '14c6843d58ea1c3f45fe47ee8436edaf') in 0.033329 seconds
Number of updated asset objects reloaded before import = 0
Number of asset objects unloaded after import = 3
========================================================================
Received Import Request.
  Time since last request: 53.212262 seconds.
  path: Assets/Art/Effects/LightningMat.png
  artifactKey: Guid(cc118be0937b3d44686cdbceb3df69e2) Importer(815301076,1909f56bfc062723c751e8b465ee728b)
Start importing Assets/Art/Effects/LightningMat.png using Guid(cc118be0937b3d44686cdbceb3df69e2) Importer(815301076,1909f56bfc062723c751e8b465ee728b)  -> (artifact id: 'f8d53f663468ec24e1ea24b3cfa18e43') in 0.028483 seconds
Number of updated asset objects reloaded before import = 0
Number of asset objects unloaded after import = 3
========================================================================
Received Import Request.
  Time since last request: 1071.362191 seconds.
  path: Assets/Art/Effects/LightningMat.png
  artifactKey: Guid(cc118be0937b3d44686cdbceb3df69e2) Importer(815301076,1909f56bfc062723c751e8b465ee728b)
Start importing Assets/Art/Effects/LightningMat.png using Guid(cc118be0937b3d44686cdbceb3df69e2) Importer(815301076,1909f56bfc062723c751e8b465ee728b)  -> (artifact id: 'e2744fd79589293a99eab98232137bd2') in 0.042153 seconds
Number of updated asset objects reloaded before import = 0
Number of asset objects unloaded after import = 3
========================================================================
Received Import Request.
  Time since last request: 1156.079886 seconds.
  path: Assets/VFX/Lightning.prefab
  artifactKey: Guid(f9fe6aa50e59d094c990a68f9d30208d) Importer(815301076,1909f56bfc062723c751e8b465ee728b)
Start importing Assets/VFX/Lightning.prefab using Guid(f9fe6aa50e59d094c990a68f9d30208d) Importer(815301076,1909f56bfc062723c751e8b465ee728b)  -> (artifact id: '4f844519ed9446b066ceceeda79644ec') in 0.049802 seconds
Number of updated asset objects reloaded before import = 0
Number of asset objects unloaded after import = 8
========================================================================
Received Import Request.
  Time since last request: 2152.253229 seconds.
  path: Assets/Tileset.png
  artifactKey: Guid(2352b11058831f745851021c5ad09fc2) Importer(815301076,1909f56bfc062723c751e8b465ee728b)
Start importing Assets/Tileset.png using Guid(2352b11058831f745851021c5ad09fc2) Importer(815301076,1909f56bfc062723c751e8b465ee728b)  -> (artifact id: '3b42c436d1a91f133028cf9c1f3f2104') in 0.219360 seconds
Number of updated asset objects reloaded before import = 0
Number of asset objects unloaded after import = 27
========================================================================
Received Import Request.
  Time since last request: 390.117760 seconds.
  path: Assets/Art/Effects/LightningMat.mat
  artifactKey: Guid(79cfaf9e046240144acbf4438484e43a) Importer(815301076,1909f56bfc062723c751e8b465ee728b)
Start importing Assets/Art/Effects/LightningMat.mat using Guid(79cfaf9e046240144acbf4438484e43a) Importer(815301076,1909f56bfc062723c751e8b465ee728b)  -> (artifact id: '6c59532fd890cf53e546d14518d3b337') in 0.032732 seconds
Number of updated asset objects reloaded before import = 0
Number of asset objects unloaded after import = 3
========================================================================
Received Import Request.
  Time since last request: 15.388129 seconds.
  path: Assets/Art/Effects/Volume.mat
  artifactKey: Guid(de3b70a3859662043822b8042af979ac) Importer(815301076,1909f56bfc062723c751e8b465ee728b)
Start importing Assets/Art/Effects/Volume.mat using Guid(de3b70a3859662043822b8042af979ac) Importer(815301076,1909f56bfc062723c751e8b465ee728b)  -> (artifact id: '5e4f7231d0a5d873e7115e9f320a6965') in 0.014913 seconds
Number of updated asset objects reloaded before import = 0
Number of asset objects unloaded after import = 2
